[0.213s] DEBUG:colcon:Command line arguments: ['/usr/bin/colcon', 'build', '--packages-select', 'uart_to_stm32']
[0.214s] DEBUG:colcon:Parsed command line arguments: Namespace(log_base=None, log_level=None, verb_name='build', build_base='build', install_base='install', merge_install=False, symlink_install=False, test_result_base=None, continue_on_error=False, executor='parallel', parallel_workers=4, event_handlers=None, ignore_user_meta=False, metas=['./colcon.meta'], base_paths=['.'], packages_ignore=None, packages_ignore_regex=None, paths=None, packages_up_to=None, packages_up_to_regex=None, packages_above=None, packages_above_and_dependencies=None, packages_above_depth=None, packages_select_by_dep=None, packages_skip_by_dep=None, packages_skip_up_to=None, packages_select_build_failed=False, packages_skip_build_finished=False, packages_select_test_failures=False, packages_skip_test_passed=False, packages_select=['uart_to_stm32'], packages_skip=None, packages_select_regex=None, packages_skip_regex=None, packages_start=None, packages_end=None, allow_overriding=[], cmake_args=None, cmake_target=None, cmake_target_skip_unavailable=False, cmake_clean_cache=False, cmake_clean_first=False, cmake_force_configure=False, ament_cmake_args=None, catkin_cmake_args=None, catkin_skip_building_tests=False, verb_parser=<colcon_defaults.argument_parser.defaults.DefaultArgumentsDecorator object at 0x7cf20699f400>, verb_extension=<colcon_core.verb.build.BuildVerb object at 0x7cf20699efb0>, main=<bound method BuildVerb.main of <colcon_core.verb.build.BuildVerb object at 0x7cf20699efb0>>)
[0.605s] Level 1:colcon.colcon_core.package_discovery:discover_packages(colcon_meta) check parameters
[0.606s] Level 1:colcon.colcon_core.package_discovery:discover_packages(recursive) check parameters
[0.606s] Level 1:colcon.colcon_core.package_discovery:discover_packages(ignore) check parameters
[0.606s] Level 1:colcon.colcon_core.package_discovery:discover_packages(path) check parameters
[0.606s] Level 1:colcon.colcon_core.package_discovery:discover_packages(colcon_meta) discover
[0.606s] Level 1:colcon.colcon_core.package_discovery:discover_packages(recursive) discover
[0.607s] INFO:colcon.colcon_core.package_discovery:Crawling recursively for packages in '/home/intelcup/ws_drone/src/Drone_ROS2/uart_to_stm32'
[0.607s] Level 1:colcon.colcon_core.package_identification:_identify(.) by extensions ['ignore', 'ignore_ament_install']
[0.607s] Level 1:colcon.colcon_core.package_identification:_identify(.) by extension 'ignore'
[0.608s] Level 1:colcon.colcon_core.package_identification:_identify(.) by extension 'ignore_ament_install'
[0.608s] Level 1:colcon.colcon_core.package_identification:_identify(.) by extensions ['colcon_pkg']
[0.608s] Level 1:colcon.colcon_core.package_identification:_identify(.) by extension 'colcon_pkg'
[0.608s] Level 1:colcon.colcon_core.package_identification:_identify(.) by extensions ['colcon_meta']
[0.608s] Level 1:colcon.colcon_core.package_identification:_identify(.) by extension 'colcon_meta'
[0.608s] Level 1:colcon.colcon_core.package_identification:_identify(.) by extensions ['ros']
[0.608s] Level 1:colcon.colcon_core.package_identification:_identify(.) by extension 'ros'
[0.632s] DEBUG:colcon.colcon_core.package_identification:Package '.' with type 'ros.ament_cmake' and name 'uart_to_stm32'
[0.632s] Level 1:colcon.colcon_core.package_discovery:discover_packages(recursive) using defaults
[0.632s] Level 1:colcon.colcon_core.package_discovery:discover_packages(ignore) discover
[0.632s] Level 1:colcon.colcon_core.package_discovery:discover_packages(ignore) using defaults
[0.632s] Level 1:colcon.colcon_core.package_discovery:discover_packages(path) discover
[0.632s] Level 1:colcon.colcon_core.package_discovery:discover_packages(path) using defaults
[0.662s] Level 1:colcon.colcon_core.package_discovery:discover_packages(prefix_path) check parameters
[0.662s] Level 1:colcon.colcon_core.package_discovery:discover_packages(prefix_path) discover
[0.666s] DEBUG:colcon.colcon_installed_package_information.package_discovery:Found 2 installed packages in /home/intelcup/ws_livox/install
[0.667s] DEBUG:colcon.colcon_installed_package_information.package_discovery:Found 272 installed packages in /opt/ros/humble
[0.670s] Level 1:colcon.colcon_core.package_discovery:discover_packages(prefix_path) using defaults
[0.733s] Level 5:colcon.colcon_core.verb:set package 'uart_to_stm32' build argument 'cmake_args' from command line to 'None'
[0.733s] Level 5:colcon.colcon_core.verb:set package 'uart_to_stm32' build argument 'cmake_target' from command line to 'None'
[0.733s] Level 5:colcon.colcon_core.verb:set package 'uart_to_stm32' build argument 'cmake_target_skip_unavailable' from command line to 'False'
[0.733s] Level 5:colcon.colcon_core.verb:set package 'uart_to_stm32' build argument 'cmake_clean_cache' from command line to 'False'
[0.733s] Level 5:colcon.colcon_core.verb:set package 'uart_to_stm32' build argument 'cmake_clean_first' from command line to 'False'
[0.733s] Level 5:colcon.colcon_core.verb:set package 'uart_to_stm32' build argument 'cmake_force_configure' from command line to 'False'
[0.733s] Level 5:colcon.colcon_core.verb:set package 'uart_to_stm32' build argument 'ament_cmake_args' from command line to 'None'
[0.733s] Level 5:colcon.colcon_core.verb:set package 'uart_to_stm32' build argument 'catkin_cmake_args' from command line to 'None'
[0.733s] Level 5:colcon.colcon_core.verb:set package 'uart_to_stm32' build argument 'catkin_skip_building_tests' from command line to 'False'
[0.733s] DEBUG:colcon.colcon_core.verb:Building package 'uart_to_stm32' with the following arguments: {'ament_cmake_args': None, 'build_base': '/home/intelcup/ws_drone/src/Drone_ROS2/uart_to_stm32/build/uart_to_stm32', 'catkin_cmake_args': None, 'catkin_skip_building_tests': False, 'cmake_args': None, 'cmake_clean_cache': False, 'cmake_clean_first': False, 'cmake_force_configure': False, 'cmake_target': None, 'cmake_target_skip_unavailable': False, 'install_base': '/home/intelcup/ws_drone/src/Drone_ROS2/uart_to_stm32/install/uart_to_stm32', 'merge_install': False, 'path': '/home/intelcup/ws_drone/src/Drone_ROS2/uart_to_stm32', 'symlink_install': False, 'test_result_base': None}
[0.733s] INFO:colcon.colcon_core.executor:Executing jobs using 'parallel' executor
[0.734s] DEBUG:colcon.colcon_parallel_executor.executor.parallel:run_until_complete
[0.735s] INFO:colcon.colcon_ros.task.ament_cmake.build:Building ROS package in '/home/intelcup/ws_drone/src/Drone_ROS2/uart_to_stm32' with build type 'ament_cmake'
[0.735s] INFO:colcon.colcon_cmake.task.cmake.build:Building CMake package in '/home/intelcup/ws_drone/src/Drone_ROS2/uart_to_stm32'
[0.739s] INFO:colcon.colcon_core.plugin_system:Skipping extension 'colcon_core.shell.bat': Not used on non-Windows systems
[0.739s] INFO:colcon.colcon_core.shell:Skip shell extension 'powershell' for command environment: Not usable outside of PowerShell
[0.739s] DEBUG:colcon.colcon_core.shell:Skip shell extension 'dsv' for command environment
[0.747s] DEBUG:colcon.colcon_core.event_handler.log_command:Invoking command in '/home/intelcup/ws_drone/src/Drone_ROS2/uart_to_stm32/build/uart_to_stm32': CMAKE_PREFIX_PATH=${CMAKE_PREFIX_PATH}:/opt/ros/humble /usr/bin/cmake /home/intelcup/ws_drone/src/Drone_ROS2/uart_to_stm32 -DCMAKE_INSTALL_PREFIX=/home/intelcup/ws_drone/src/Drone_ROS2/uart_to_stm32/install/uart_to_stm32
[2.870s] DEBUG:colcon.colcon_core.event_handler.log_command:Invoked command in '/home/intelcup/ws_drone/src/Drone_ROS2/uart_to_stm32/build/uart_to_stm32' returned '1': CMAKE_PREFIX_PATH=${CMAKE_PREFIX_PATH}:/opt/ros/humble /usr/bin/cmake /home/intelcup/ws_drone/src/Drone_ROS2/uart_to_stm32 -DCMAKE_INSTALL_PREFIX=/home/intelcup/ws_drone/src/Drone_ROS2/uart_to_stm32/install/uart_to_stm32
[2.883s] Level 1:colcon.colcon_core.environment:create_environment_scripts_only(uart_to_stm32)
[2.888s] Level 1:colcon.colcon_core.environment:checking '/home/intelcup/ws_drone/src/Drone_ROS2/uart_to_stm32/install/uart_to_stm32' for CMake module files
[2.889s] Level 1:colcon.colcon_core.environment:checking '/home/intelcup/ws_drone/src/Drone_ROS2/uart_to_stm32/install/uart_to_stm32' for CMake config files
[2.890s] Level 1:colcon.colcon_core.environment:checking '/home/intelcup/ws_drone/src/Drone_ROS2/uart_to_stm32/install/uart_to_stm32/bin'
[2.891s] Level 1:colcon.colcon_core.environment:checking '/home/intelcup/ws_drone/src/Drone_ROS2/uart_to_stm32/install/uart_to_stm32/lib/pkgconfig/uart_to_stm32.pc'
[2.892s] Level 1:colcon.colcon_core.environment:checking '/home/intelcup/ws_drone/src/Drone_ROS2/uart_to_stm32/install/uart_to_stm32/lib/python3.10/site-packages'
[2.893s] Level 1:colcon.colcon_core.environment:checking '/home/intelcup/ws_drone/src/Drone_ROS2/uart_to_stm32/install/uart_to_stm32/bin'
[2.894s] INFO:colcon.colcon_core.shell:Creating package script '/home/intelcup/ws_drone/src/Drone_ROS2/uart_to_stm32/install/uart_to_stm32/share/uart_to_stm32/package.ps1'
[2.896s] INFO:colcon.colcon_core.shell:Creating package descriptor '/home/intelcup/ws_drone/src/Drone_ROS2/uart_to_stm32/install/uart_to_stm32/share/uart_to_stm32/package.dsv'
[2.898s] INFO:colcon.colcon_core.shell:Creating package script '/home/intelcup/ws_drone/src/Drone_ROS2/uart_to_stm32/install/uart_to_stm32/share/uart_to_stm32/package.sh'
[2.899s] INFO:colcon.colcon_core.shell:Creating package script '/home/intelcup/ws_drone/src/Drone_ROS2/uart_to_stm32/install/uart_to_stm32/share/uart_to_stm32/package.bash'
[2.900s] INFO:colcon.colcon_core.shell:Creating package script '/home/intelcup/ws_drone/src/Drone_ROS2/uart_to_stm32/install/uart_to_stm32/share/uart_to_stm32/package.zsh'
[2.901s] Level 1:colcon.colcon_core.environment:create_file_with_runtime_dependencies(/home/intelcup/ws_drone/src/Drone_ROS2/uart_to_stm32/install/uart_to_stm32/share/colcon-core/packages/uart_to_stm32)
[2.912s] DEBUG:colcon.colcon_parallel_executor.executor.parallel:closing loop
[2.913s] DEBUG:colcon.colcon_parallel_executor.executor.parallel:loop closed
[2.913s] DEBUG:colcon.colcon_parallel_executor.executor.parallel:run_until_complete finished with '1'
[2.913s] DEBUG:colcon.colcon_core.event_reactor:joining thread
[2.923s] INFO:colcon.colcon_core.plugin_system:Skipping extension 'colcon_notification.desktop_notification.terminal_notifier': Not used on non-Darwin systems
[2.923s] INFO:colcon.colcon_core.plugin_system:Skipping extension 'colcon_notification.desktop_notification.win32': Not used on non-Windows systems
[2.923s] INFO:colcon.colcon_notification.desktop_notification:Sending desktop notification using 'notify2'
[2.952s] DEBUG:colcon.colcon_core.event_reactor:joined thread
[2.952s] INFO:colcon.colcon_core.shell:Creating prefix script '/home/intelcup/ws_drone/src/Drone_ROS2/uart_to_stm32/install/local_setup.ps1'
[2.955s] INFO:colcon.colcon_core.shell:Creating prefix util module '/home/intelcup/ws_drone/src/Drone_ROS2/uart_to_stm32/install/_local_setup_util_ps1.py'
[2.957s] INFO:colcon.colcon_core.shell:Creating prefix chain script '/home/intelcup/ws_drone/src/Drone_ROS2/uart_to_stm32/install/setup.ps1'
[2.959s] INFO:colcon.colcon_core.shell:Creating prefix script '/home/intelcup/ws_drone/src/Drone_ROS2/uart_to_stm32/install/local_setup.sh'
[2.961s] INFO:colcon.colcon_core.shell:Creating prefix util module '/home/intelcup/ws_drone/src/Drone_ROS2/uart_to_stm32/install/_local_setup_util_sh.py'
[2.963s] INFO:colcon.colcon_core.shell:Creating prefix chain script '/home/intelcup/ws_drone/src/Drone_ROS2/uart_to_stm32/install/setup.sh'
[2.965s] INFO:colcon.colcon_core.shell:Creating prefix script '/home/intelcup/ws_drone/src/Drone_ROS2/uart_to_stm32/install/local_setup.bash'
[2.966s] INFO:colcon.colcon_core.shell:Creating prefix chain script '/home/intelcup/ws_drone/src/Drone_ROS2/uart_to_stm32/install/setup.bash'
[2.967s] INFO:colcon.colcon_core.shell:Creating prefix script '/home/intelcup/ws_drone/src/Drone_ROS2/uart_to_stm32/install/local_setup.zsh'
[2.968s] INFO:colcon.colcon_core.shell:Creating prefix chain script '/home/intelcup/ws_drone/src/Drone_ROS2/uart_to_stm32/install/setup.zsh'
