[0.012s] Invoking command in '/home/intelcup/ws_drone/src/Drone_ROS2/uart_to_stm32/build/uart_to_stm32': CMAKE_PREFIX_PATH=${CMAKE_PREFIX_PATH}:/opt/ros/humble /usr/bin/cmake /home/intelcup/ws_drone/src/Drone_ROS2/uart_to_stm32 -DCMAKE_INSTALL_PREFIX=/home/intelcup/ws_drone/src/Drone_ROS2/uart_to_stm32/install/uart_to_stm32
[0.202s] -- The C compiler identification is GNU 11.4.0
[0.399s] -- The CXX compiler identification is GNU 11.4.0
[0.413s] -- Detecting C compiler ABI info
[0.499s] -- Detecting C compiler ABI info - done
[0.509s] -- Check for working C compiler: /usr/bin/cc - skipped
[0.513s] -- Detecting C compile features
[0.514s] -- Detecting C compile features - done
[0.520s] -- Detecting CXX compiler ABI info
[0.647s] -- Detecting CXX compiler ABI info - done
[0.659s] -- Check for working CXX compiler: /usr/bin/c++ - skipped
[0.659s] -- Detecting CXX compile features
[0.660s] -- Detecting CXX compile features - done
[0.932s] -- Found Boost: /usr/lib/x86_64-linux-gnu/cmake/Boost-1.74.0/BoostConfig.cmake (found version "1.74.0") found components: system thread 
[0.942s] -- Found ament_cmake: 1.3.13 (/opt/ros/humble/share/ament_cmake/cmake)
[1.140s] -- Found Python3: /usr/bin/python3 (found version "3.10.12") found components: Interpreter 
[1.293s] -- Found rclcpp: 16.0.18 (/opt/ros/humble/share/rclcpp/cmake)
[1.378s] -- Found rosidl_generator_c: 3.1.8 (/opt/ros/humble/share/rosidl_generator_c/cmake)
[1.388s] -- Found rosidl_adapter: 3.1.8 (/opt/ros/humble/share/rosidl_adapter/cmake)
[1.409s] -- Found rosidl_generator_cpp: 3.1.8 (/opt/ros/humble/share/rosidl_generator_cpp/cmake)
[1.442s] -- Using all available rosidl_typesupport_c: rosidl_typesupport_fastrtps_c;rosidl_typesupport_introspection_c
[1.486s] -- Using all available rosidl_typesupport_cpp: rosidl_typesupport_fastrtps_cpp;rosidl_typesupport_introspection_cpp
[1.582s] -- Found rmw_implementation_cmake: 6.1.2 (/opt/ros/humble/share/rmw_implementation_cmake/cmake)
[1.588s] -- Found rmw_fastrtps_cpp: 6.2.10 (/opt/ros/humble/share/rmw_fastrtps_cpp/cmake)
[1.720s] -- Found OpenSSL: /usr/lib/x86_64-linux-gnu/libcrypto.so (found version "3.0.2")  
[1.752s] -- Found FastRTPS: /opt/ros/humble/include  
[1.795s] -- Using RMW implementation 'rmw_fastrtps_cpp' as default
[1.806s] -- Found Threads: TRUE  
[1.881s] -- Found tf2_geometry_msgs: 0.25.19 (/opt/ros/humble/share/tf2_geometry_msgs/cmake)
[1.928s] -- Found eigen3_cmake_module: 0.1.1 (/opt/ros/humble/share/eigen3_cmake_module/cmake)
[1.930s] -- Found Eigen3: TRUE (found version "3.4.0") 
[1.930s] -- Ensuring Eigen3 include directory is part of orocos-kdl CMake target
[2.091s] -- Found nav_msgs: 4.9.1 (/opt/ros/humble/share/nav_msgs/cmake)
[2.126s] CMake Error at CMakeLists.txt:15 (find_package):
[2.126s]   By not providing "Findserial_comm.cmake" in CMAKE_MODULE_PATH this project
[2.126s]   has asked CMake to find a package configuration file provided by
[2.126s]   "serial_comm", but CMake did not find one.
[2.126s] 
[2.126s]   Could not find a package configuration file provided by "serial_comm" with
[2.126s]   any of the following names:
[2.126s] 
[2.126s]     serial_commConfig.cmake
[2.126s]     serial_comm-config.cmake
[2.126s] 
[2.126s]   Add the installation prefix of "serial_comm" to CMAKE_PREFIX_PATH or set
[2.127s]   "serial_comm_DIR" to a directory containing one of the above files.  If
[2.127s]   "serial_comm" provides a separate development package or SDK, be sure it
[2.127s]   has been installed.
[2.127s] 
[2.127s] 
[2.127s] -- Configuring incomplete, errors occurred!
[2.127s] See also "/home/intelcup/ws_drone/src/Drone_ROS2/uart_to_stm32/build/uart_to_stm32/CMakeFiles/CMakeOutput.log".
[2.135s] Invoked command in '/home/intelcup/ws_drone/src/Drone_ROS2/uart_to_stm32/build/uart_to_stm32' returned '1': CMAKE_PREFIX_PATH=${CMAKE_PREFIX_PATH}:/opt/ros/humble /usr/bin/cmake /home/intelcup/ws_drone/src/Drone_ROS2/uart_to_stm32 -DCMAKE_INSTALL_PREFIX=/home/intelcup/ws_drone/src/Drone_ROS2/uart_to_stm32/install/uart_to_stm32
